#
# There is insufficient memory for the Java Runtime Environment to continue.
# Native memory allocation (malloc) failed to allocate 1070496 bytes for Chunk::new
# Possible reasons:
#   The system is out of physical RAM or swap space
#   The process is running with CompressedOops enabled, and the Java Heap may be blocking the growth of the native heap
# Possible solutions:
#   Reduce memory load on the system
#   Increase physical memory or swap space
#   Check if swap backing store is full
#   Decrease Java heap size (-Xmx/-Xms)
#   Decrease number of Java threads
#   Decrease Java thread stack sizes (-Xss)
#   Set larger code cache with -XX:ReservedCodeCacheSize=
#   JVM is running with Unscaled Compressed Oops mode in which the Java heap is
#     placed in the first 4GB address space. The Java Heap base address is the
#     maximum limit for the native heap growth. Please use -XX:HeapBaseMinAddress
#     to set the Java Heap base and to place the Java Heap above 4GB virtual address.
# This output file may be truncated or incomplete.
#
#  Out of Memory Error (allocation.cpp:390), pid=14956, tid=0x0000000000001c50
#
# JRE version: Java(TM) SE Runtime Environment (8.0_201-b09) (build 1.8.0_201-b09)
# Java VM: Java HotSpot(TM) 64-Bit Server VM (25.201-b09 mixed mode windows-amd64 compressed oops)
# Failed to write core dump. Minidumps are not enabled by default on client versions of Windows
#

---------------  T H R E A D  ---------------

Current thread (0x0000000017aa3800):  JavaThread "C2 CompilerThread0" daemon [_thread_in_native, id=7248, stack(0x0000000018ae0000,0x0000000018be0000)]

Stack: [0x0000000018ae0000,0x0000000018be0000]
[error occurred during error reporting (printing stack bounds), id 0xc0000005]

Native frames: (J=compiled Java code, j=interpreted, Vv=VM code, C=native code)


Current CompileTask:
C2:   6730 4605   !   4       java.net.URLClassLoader$1::run (63 bytes)


---------------  P R O C E S S  ---------------

Java Threads: ( => current thread )
  0x0000000017b19000 JavaThread "Service Thread" daemon [_thread_blocked, id=16024, stack(0x0000000018ce0000,0x0000000018de0000)]
  0x0000000017adf000 JavaThread "C1 CompilerThread1" daemon [_thread_blocked, id=7992, stack(0x0000000018be0000,0x0000000018ce0000)]
=>0x0000000017aa3800 JavaThread "C2 CompilerThread0" daemon [_thread_in_native, id=7248, stack(0x0000000018ae0000,0x0000000018be0000)]
  0x0000000017aa1800 JavaThread "Attach Listener" daemon [_thread_blocked, id=7500, stack(0x00000000189e0000,0x0000000018ae0000)]
  0x0000000017a9e800 JavaThread "Signal Dispatcher" daemon [_thread_blocked, id=8924, stack(0x00000000188e0000,0x00000000189e0000)]
  0x00000000030b9000 JavaThread "Finalizer" daemon [_thread_blocked, id=7264, stack(0x00000000186e0000,0x00000000187e0000)]
  0x0000000017a88000 JavaThread "Reference Handler" daemon [_thread_blocked, id=10068, stack(0x00000000185e0000,0x00000000186e0000)]
  0x000000000170e000 JavaThread "main" [_thread_in_native, id=9152, stack(0x0000000002ec0000,0x0000000002fc0000)]

Other Threads:
  0x00000000030a9000 VMThread [stack: 0x00000000184e0000,0x00000000185e0000] [id=4796]
  0x0000000017b1c800 WatcherThread [stack: 0x0000000018de0000,0x0000000018ee0000] [id=10624]

VM state:not at safepoint (normal execution)

VM Mutex/Monitor currently owned by a thread: None

heap address: 0x0000000080000000, size: 2048 MB, Compressed Oops mode: 32-bit
Narrow klass base: 0x0000000000000000, Narrow klass shift: 3
Compressed class space size: 1073741824 Address: 0x0000000100000000

Heap:
 PSYoungGen      total 62976K, used 31895K [0x00000000d5580000, 0x00000000dcb00000, 0x0000000100000000)
  eden space 57856K, 46% used [0x00000000d5580000,0x00000000d6fa9958,0x00000000d8e00000)
  from space 5120K, 99% used [0x00000000d9b80000,0x00000000da07c320,0x00000000da080000)
  to   space 13824K, 0% used [0x00000000d8e00000,0x00000000d8e00000,0x00000000d9b80000)
 ParOldGen       total 77312K, used 26897K [0x0000000080000000, 0x0000000084b80000, 0x00000000d5580000)
  object space 77312K, 34% used [0x0000000080000000,0x0000000081a446b0,0x0000000084b80000)
 Metaspace       used 25422K, capacity 26102K, committed 26240K, reserved 1073152K
  class space    used 2976K, capacity 3192K, committed 3200K, reserved 1048576K

Card table byte_map: [0x0000000012480000,0x0000000012890000] byte_map_base: 0x0000000012080000

Marking Bits: (ParMarkBitMap*) 0x0000000055f24ce0
 Begin Bits: [0x0000000012d40000, 0x0000000014d40000)
 End Bits:   [0x0000000014d40000, 0x0000000016d40000)

Polling page: 0x0000000001610000

CodeCache: size=245760Kb used=13842Kb max_used=15387Kb free=231917Kb
 bounds [0x00000000030c0000, 0x0000000003fe0000, 0x00000000120c0000]
 total_blobs=4545 nmethods=4115 adapters=342
 compilation: enabled

Compilation events (10 events):
Event: 6.712 Thread 0x0000000017adf000 4650       3       java.util.jar.Manifest::getTrustedAttributes (57 bytes)
Event: 6.713 Thread 0x0000000017adf000 nmethod 4650 0x0000000003404950 code [0x0000000003404b60, 0x0000000003405778]
Event: 6.717 Thread 0x0000000017adf000 4651       1       org.apache.maven.shared.utils.io.MatchPattern::getTokenizedPathString (5 bytes)
Event: 6.717 Thread 0x0000000017adf000 nmethod 4651 0x000000000370b550 code [0x000000000370b6a0, 0x000000000370b7b0]
Event: 6.718 Thread 0x0000000017adf000 4652       3       org.apache.maven.shared.utils.io.SelectorUtils::match (547 bytes)
Event: 6.719 Thread 0x0000000017adf000 nmethod 4652 0x000000000321b7d0 code [0x000000000321baa0, 0x000000000321d258]
Event: 6.719 Thread 0x0000000017adf000 4653       3       org.apache.maven.shared.utils.io.MatchPattern::matchPath (29 bytes)
Event: 6.720 Thread 0x0000000017adf000 nmethod 4653 0x00000000033f5950 code [0x00000000033f5ae0, 0x00000000033f5e68]
Event: 6.720 Thread 0x0000000017adf000 4654       3       org.apache.maven.shared.utils.io.SelectorUtils::matchAntPathPattern (435 bytes)
Event: 6.721 Thread 0x0000000017adf000 nmethod 4654 0x00000000032203d0 code [0x00000000032206a0, 0x0000000003221b28]

GC Heap History (10 events):
Event: 3.323 GC heap before
{Heap before GC invocations=5 (full 0):
 PSYoungGen      total 71680K, used 71648K [0x00000000d5580000, 0x00000000da080000, 0x0000000100000000)
  eden space 66560K, 100% used [0x00000000d5580000,0x00000000d9680000,0x00000000d9680000)
  from space 5120K, 99% used [0x00000000d9b80000,0x00000000da078020,0x00000000da080000)
  to   space 5120K, 0% used [0x00000000d9680000,0x00000000d9680000,0x00000000d9b80000)
 ParOldGen       total 87552K, used 7481K [0x0000000080000000, 0x0000000085580000, 0x00000000d5580000)
  object space 87552K, 8% used [0x0000000080000000,0x000000008074e460,0x0000000085580000)
 Metaspace       used 15883K, capacity 16128K, committed 16384K, reserved 1062912K
  class space    used 1867K, capacity 1984K, committed 2048K, reserved 1048576K
Event: 3.351 GC heap after
Heap after GC invocations=5 (full 0):
 PSYoungGen      total 71680K, used 5104K [0x00000000d5580000, 0x00000000da080000, 0x0000000100000000)
  eden space 66560K, 0% used [0x00000000d5580000,0x00000000d5580000,0x00000000d9680000)
  from space 5120K, 99% used [0x00000000d9680000,0x00000000d9b7c010,0x00000000d9b80000)
  to   space 5120K, 0% used [0x00000000d9b80000,0x00000000d9b80000,0x00000000da080000)
 ParOldGen       total 87552K, used 11511K [0x0000000080000000, 0x0000000085580000, 0x00000000d5580000)
  object space 87552K, 13% used [0x0000000080000000,0x0000000080b3de58,0x0000000085580000)
 Metaspace       used 15883K, capacity 16128K, committed 16384K, reserved 1062912K
  class space    used 1867K, capacity 1984K, committed 2048K, reserved 1048576K
}
Event: 4.359 GC heap before
{Heap before GC invocations=6 (full 0):
 PSYoungGen      total 71680K, used 71664K [0x00000000d5580000, 0x00000000da080000, 0x0000000100000000)
  eden space 66560K, 100% used [0x00000000d5580000,0x00000000d9680000,0x00000000d9680000)
  from space 5120K, 99% used [0x00000000d9680000,0x00000000d9b7c010,0x00000000d9b80000)
  to   space 5120K, 0% used [0x00000000d9b80000,0x00000000d9b80000,0x00000000da080000)
 ParOldGen       total 87552K, used 11511K [0x0000000080000000, 0x0000000085580000, 0x00000000d5580000)
  object space 87552K, 13% used [0x0000000080000000,0x0000000080b3de58,0x0000000085580000)
 Metaspace       used 17362K, capacity 17840K, committed 18048K, reserved 1064960K
  class space    used 2001K, capacity 2168K, committed 2176K, reserved 1048576K
Event: 4.382 GC heap after
Heap after GC invocations=6 (full 0):
 PSYoungGen      total 71680K, used 5088K [0x00000000d5580000, 0x00000000da080000, 0x0000000100000000)
  eden space 66560K, 0% used [0x00000000d5580000,0x00000000d5580000,0x00000000d9680000)
  from space 5120K, 99% used [0x00000000d9b80000,0x00000000da078040,0x00000000da080000)
  to   space 5120K, 0% used [0x00000000d9680000,0x00000000d9680000,0x00000000d9b80000)
 ParOldGen       total 87552K, used 15734K [0x0000000080000000, 0x0000000085580000, 0x00000000d5580000)
  object space 87552K, 17% used [0x0000000080000000,0x0000000080f5dbe8,0x0000000085580000)
 Metaspace       used 17362K, capacity 17840K, committed 18048K, reserved 1064960K
  class space    used 2001K, capacity 2168K, committed 2176K, reserved 1048576K
}
Event: 4.786 GC heap before
{Heap before GC invocations=7 (full 0):
 PSYoungGen      total 71680K, used 21039K [0x00000000d5580000, 0x00000000da080000, 0x0000000100000000)
  eden space 66560K, 23% used [0x00000000d5580000,0x00000000d6513f60,0x00000000d9680000)
  from space 5120K, 99% used [0x00000000d9b80000,0x00000000da078040,0x00000000da080000)
  to   space 5120K, 0% used [0x00000000d9680000,0x00000000d9680000,0x00000000d9b80000)
 ParOldGen       total 87552K, used 15734K [0x0000000080000000, 0x0000000085580000, 0x00000000d5580000)
  object space 87552K, 17% used [0x0000000080000000,0x0000000080f5dbe8,0x0000000085580000)
 Metaspace       used 20556K, capacity 21096K, committed 21296K, reserved 1069056K
  class space    used 2438K, capacity 2596K, committed 2688K, reserved 1048576K
Event: 4.811 GC heap after
Heap after GC invocations=7 (full 0):
 PSYoungGen      total 71680K, used 5111K [0x00000000d5580000, 0x00000000da080000, 0x0000000100000000)
  eden space 66560K, 0% used [0x00000000d5580000,0x00000000d5580000,0x00000000d9680000)
  from space 5120K, 99% used [0x00000000d9680000,0x00000000d9b7de68,0x00000000d9b80000)
  to   space 5120K, 0% used [0x00000000d9b80000,0x00000000d9b80000,0x00000000da080000)
 ParOldGen       total 87552K, used 17356K [0x0000000080000000, 0x0000000085580000, 0x00000000d5580000)
  object space 87552K, 19% used [0x0000000080000000,0x00000000810f33c8,0x0000000085580000)
 Metaspace       used 20556K, capacity 21096K, committed 21296K, reserved 1069056K
  class space    used 2438K, capacity 2596K, committed 2688K, reserved 1048576K
}
Event: 4.811 GC heap before
{Heap before GC invocations=8 (full 1):
 PSYoungGen      total 71680K, used 5111K [0x00000000d5580000, 0x00000000da080000, 0x0000000100000000)
  eden space 66560K, 0% used [0x00000000d5580000,0x00000000d5580000,0x00000000d9680000)
  from space 5120K, 99% used [0x00000000d9680000,0x00000000d9b7de68,0x00000000d9b80000)
  to   space 5120K, 0% used [0x00000000d9b80000,0x00000000d9b80000,0x00000000da080000)
 ParOldGen       total 87552K, used 17356K [0x0000000080000000, 0x0000000085580000, 0x00000000d5580000)
  object space 87552K, 19% used [0x0000000080000000,0x00000000810f33c8,0x0000000085580000)
 Metaspace       used 20556K, capacity 21096K, committed 21296K, reserved 1069056K
  class space    used 2438K, capacity 2596K, committed 2688K, reserved 1048576K
Event: 5.033 GC heap after
Heap after GC invocations=8 (full 1):
 PSYoungGen      total 71680K, used 0K [0x00000000d5580000, 0x00000000da080000, 0x0000000100000000)
  eden space 66560K, 0% used [0x00000000d5580000,0x00000000d5580000,0x00000000d9680000)
  from space 5120K, 0% used [0x00000000d9680000,0x00000000d9680000,0x00000000d9b80000)
  to   space 5120K, 0% used [0x00000000d9b80000,0x00000000d9b80000,0x00000000da080000)
 ParOldGen       total 77312K, used 18472K [0x0000000080000000, 0x0000000084b80000, 0x00000000d5580000)
  object space 77312K, 23% used [0x0000000080000000,0x000000008120a0c8,0x0000000084b80000)
 Metaspace       used 20556K, capacity 21096K, committed 21296K, reserved 1069056K
  class space    used 2438K, capacity 2596K, committed 2688K, reserved 1048576K
}
Event: 6.262 GC heap before
{Heap before GC invocations=9 (full 1):
 PSYoungGen      total 71680K, used 66560K [0x00000000d5580000, 0x00000000da080000, 0x0000000100000000)
  eden space 66560K, 100% used [0x00000000d5580000,0x00000000d9680000,0x00000000d9680000)
  from space 5120K, 0% used [0x00000000d9680000,0x00000000d9680000,0x00000000d9b80000)
  to   space 5120K, 0% used [0x00000000d9b80000,0x00000000d9b80000,0x00000000da080000)
 ParOldGen       total 77312K, used 18472K [0x0000000080000000, 0x0000000084b80000, 0x00000000d5580000)
  object space 77312K, 23% used [0x0000000080000000,0x000000008120a0c8,0x0000000084b80000)
 Metaspace       used 24042K, capacity 24646K, committed 24832K, reserved 1071104K
  class space    used 2793K, capacity 2984K, committed 3072K, reserved 1048576K
Event: 6.282 GC heap after
Heap after GC invocations=9 (full 1):
 PSYoungGen      total 62976K, used 5104K [0x00000000d5580000, 0x00000000dcb00000, 0x0000000100000000)
  eden space 57856K, 0% used [0x00000000d5580000,0x00000000d5580000,0x00000000d8e00000)
  from space 5120K, 99% used [0x00000000d9b80000,0x00000000da07c320,0x00000000da080000)
  to   space 13824K, 0% used [0x00000000d8e00000,0x00000000d8e00000,0x00000000d9b80000)
 ParOldGen       total 77312K, used 26897K [0x0000000080000000, 0x0000000084b80000, 0x00000000d5580000)
  object space 77312K, 34% used [0x0000000080000000,0x0000000081a446b0,0x0000000084b80000)
 Metaspace       used 24042K, capacity 24646K, committed 24832K, reserved 1071104K
  class space    used 2793K, capacity 2984K, committed 3072K, reserved 1048576K
}

Deoptimization events (10 events):
Event: 6.074 Thread 0x000000000170e000 Uncommon trap: reason=unstable_if action=reinterpret pc=0x00000000039d4518 method=org.eclipse.aether.util.graph.transformer.ConflictResolver$State.deriveScope(Lorg/eclipse/aether/graph/DependencyNode;Ljava/lang/Object;)Ljava/lang/String; @ 8
Event: 6.227 Thread 0x000000000170e000 Uncommon trap: reason=unstable_if action=reinterpret pc=0x00000000035d1bd4 method=com.google.inject.internal.MoreTypes.canonicalize(Ljava/lang/reflect/Type;)Ljava/lang/reflect/Type; @ 16
Event: 6.228 Thread 0x000000000170e000 Uncommon trap: reason=class_check action=maybe_recompile pc=0x00000000035ba86c method=com.google.inject.internal.MoreTypes.getRawType(Ljava/lang/reflect/Type;)Ljava/lang/Class; @ 13
Event: 6.228 Thread 0x000000000170e000 Uncommon trap: reason=unstable_if action=reinterpret pc=0x00000000035bd2cc method=com.google.inject.internal.MoreTypes.canonicalize(Ljava/lang/reflect/Type;)Ljava/lang/reflect/Type; @ 16
Event: 6.228 Thread 0x000000000170e000 Uncommon trap: reason=class_check action=maybe_recompile pc=0x00000000035ba86c method=com.google.inject.internal.MoreTypes.getRawType(Ljava/lang/reflect/Type;)Ljava/lang/Class; @ 13
Event: 6.228 Thread 0x000000000170e000 Uncommon trap: reason=class_check action=maybe_recompile pc=0x00000000035ba86c method=com.google.inject.internal.MoreTypes.getRawType(Ljava/lang/reflect/Type;)Ljava/lang/Class; @ 13
Event: 6.234 Thread 0x000000000170e000 Uncommon trap: reason=class_check action=maybe_recompile pc=0x00000000035ba86c method=com.google.inject.internal.MoreTypes.getRawType(Ljava/lang/reflect/Type;)Ljava/lang/Class; @ 13
Event: 6.359 Thread 0x0000000019674800 Uncommon trap: reason=unstable_if action=reinterpret pc=0x0000000003c903e4 method=java.lang.ThreadLocal.get()Ljava/lang/Object; @ 11
Event: 6.727 Thread 0x000000000170e000 Uncommon trap: reason=class_check action=maybe_recompile pc=0x0000000003bafd48 method=java.util.Properties$LineReader.readLine()I @ 62
Event: 6.727 Thread 0x000000000170e000 Uncommon trap: reason=unstable_if action=reinterpret pc=0x0000000003bafc70 method=java.util.Properties$LineReader.readLine()I @ 246

Classes redefined (0 events):
No events

Internal exceptions (10 events):
Event: 5.388 Thread 0x000000000170e000 Exception <a 'java/io/FileNotFoundException'> (0x00000000d633c8d0) thrown at [C:\re\workspace\8-2-build-windows-amd64-cygwin\jdk8u201\12322\hotspot\src\share\vm\prims\jni.cpp, line 709]
Event: 5.447 Thread 0x000000000170e000 Exception <a 'java/io/FileNotFoundException'> (0x00000000d6cabeb8) thrown at [C:\re\workspace\8-2-build-windows-amd64-cygwin\jdk8u201\12322\hotspot\src\share\vm\prims\jni.cpp, line 709]
Event: 5.447 Thread 0x000000000170e000 Exception <a 'java/io/FileNotFoundException'> (0x00000000d6caceb8) thrown at [C:\re\workspace\8-2-build-windows-amd64-cygwin\jdk8u201\12322\hotspot\src\share\vm\prims\jni.cpp, line 709]
Event: 5.447 Thread 0x000000000170e000 Exception <a 'java/io/FileNotFoundException'> (0x00000000d6cadf08) thrown at [C:\re\workspace\8-2-build-windows-amd64-cygwin\jdk8u201\12322\hotspot\src\share\vm\prims\jni.cpp, line 709]
Event: 5.447 Thread 0x000000000170e000 Exception <a 'java/io/FileNotFoundException'> (0x00000000d6caefa0) thrown at [C:\re\workspace\8-2-build-windows-amd64-cygwin\jdk8u201\12322\hotspot\src\share\vm\prims\jni.cpp, line 709]
Event: 5.447 Thread 0x000000000170e000 Exception <a 'java/io/FileNotFoundException'> (0x00000000d6caffb8) thrown at [C:\re\workspace\8-2-build-windows-amd64-cygwin\jdk8u201\12322\hotspot\src\share\vm\prims\jni.cpp, line 709]
Event: 5.448 Thread 0x000000000170e000 Exception <a 'java/io/FileNotFoundException'> (0x00000000d6cb1068) thrown at [C:\re\workspace\8-2-build-windows-amd64-cygwin\jdk8u201\12322\hotspot\src\share\vm\prims\jni.cpp, line 709]
Event: 5.990 Thread 0x000000000170e000 Implicit null exception at 0x0000000003a68c54 to 0x0000000003a69b79
Event: 6.237 Thread 0x000000000170e000 Exception <a 'java/lang/NoSuchMethodError': org.apache.maven.execution.MavenExecutionRequest.getFailureBehavior()Ljava/lang/String;> (0x00000000d9458a90) thrown at [C:\re\workspace\8-2-build-windows-amd64-cygwin\jdk8u201\12322\hotspot\src\share\vm\interpr
Event: 6.359 Thread 0x0000000019674800 Implicit null exception at 0x0000000003c9030b to 0x0000000003c903d1

Events (10 events):
Event: 6.727 Thread 0x000000000170e000 Uncommon trap: trap_request=0xffffffde fr.pc=0x0000000003bafd48
Event: 6.727 Thread 0x000000000170e000 DEOPT PACKING pc=0x0000000003bafd48 sp=0x0000000002fbde70
Event: 6.727 Thread 0x000000000170e000 DEOPT UNPACKING pc=0x000000000310583b sp=0x0000000002fbddd0 mode 2
Event: 6.727 Thread 0x000000000170e000 Uncommon trap: trap_request=0xffffff65 fr.pc=0x0000000003bafc70
Event: 6.727 Thread 0x000000000170e000 DEOPT PACKING pc=0x0000000003bafc70 sp=0x0000000002fbde70
Event: 6.727 Thread 0x000000000170e000 DEOPT UNPACKING pc=0x000000000310583b sp=0x0000000002fbddd8 mode 2
Event: 6.727 loading class org/apache/maven/shared/utils/io/IOUtil
Event: 6.727 loading class org/apache/maven/shared/utils/io/IOUtil done
Event: 6.727 loading class org/apache/maven/shared/utils/io/IOUtil
Event: 6.727 loading class org/apache/maven/shared/utils/io/IOUtil done


Dynamic libraries:
0x00007ff7a2a80000 - 0x00007ff7a2ab7000 	C:\Program Files\Java\jdk1.8.0_201\bin\javaw.exe
0x00007fff5bc20000 - 0x00007fff5be10000 	C:\Windows\SYSTEM32\ntdll.dll
0x00007fff5ac70000 - 0x00007fff5ad22000 	C:\Windows\System32\KERNEL32.DLL
0x00007fff59840000 - 0x00007fff59ae5000 	C:\Windows\System32\KERNELBASE.dll
0x00007fff59fe0000 - 0x00007fff5a083000 	C:\Windows\System32\ADVAPI32.dll
0x00007fff5b150000 - 0x00007fff5b1ee000 	C:\Windows\System32\msvcrt.dll
0x00007fff5a870000 - 0x00007fff5a907000 	C:\Windows\System32\sechost.dll
0x00007fff5b5e0000 - 0x00007fff5b6ff000 	C:\Windows\System32\RPCRT4.dll
0x00007fff5b440000 - 0x00007fff5b5d4000 	C:\Windows\System32\USER32.dll
0x00007fff595e0000 - 0x00007fff59601000 	C:\Windows\System32\win32u.dll
0x00007fff59da0000 - 0x00007fff59dc6000 	C:\Windows\System32\GDI32.dll
0x00007fff58b90000 - 0x00007fff58d28000 	C:\Windows\System32\gdi32full.dll
0x00007fff59b80000 - 0x00007fff59c1e000 	C:\Windows\System32\msvcp_win.dll
0x00007fff594e0000 - 0x00007fff595da000 	C:\Windows\System32\ucrtbase.dll
0x00007fff46c70000 - 0x00007fff46ef4000 	C:\Windows\WinSxS\amd64_microsoft.windows.common-controls_6595b64144ccf1df_6.0.18362.1440_none_9e7dbfb9e45e8e67\COMCTL32.dll
0x00007fff5a910000 - 0x00007fff5ac46000 	C:\Windows\System32\combase.dll
0x00007fff59af0000 - 0x00007fff59b71000 	C:\Windows\System32\bcryptPrimitives.dll
0x00007fff5b2d0000 - 0x00007fff5b2fe000 	C:\Windows\System32\IMM32.DLL
0x0000000055fb0000 - 0x0000000056081000 	C:\Program Files\Java\jdk1.8.0_201\jre\bin\msvcr100.dll
0x0000000055700000 - 0x0000000055fa4000 	C:\Program Files\Java\jdk1.8.0_201\jre\bin\server\jvm.dll
0x00007fff5ac60000 - 0x00007fff5ac68000 	C:\Windows\System32\PSAPI.DLL
0x00007fff4e060000 - 0x00007fff4e069000 	C:\Windows\SYSTEM32\WSOCK32.dll
0x00007fff5b300000 - 0x00007fff5b36f000 	C:\Windows\System32\WS2_32.dll
0x00007fff56ab0000 - 0x00007fff56ad4000 	C:\Windows\SYSTEM32\WINMM.dll
0x00007fff51bd0000 - 0x00007fff51bda000 	C:\Windows\SYSTEM32\VERSION.dll
0x00007fff56a80000 - 0x00007fff56aad000 	C:\Windows\SYSTEM32\WINMMBASE.dll
0x00007fff59610000 - 0x00007fff5965a000 	C:\Windows\System32\cfgmgr32.dll
0x00007fff46580000 - 0x00007fff4658f000 	C:\Program Files\Java\jdk1.8.0_201\jre\bin\verify.dll
0x00007fff3f3a0000 - 0x00007fff3f3c9000 	C:\Program Files\Java\jdk1.8.0_201\jre\bin\java.dll
0x00007fff40e30000 - 0x00007fff40e46000 	C:\Program Files\Java\jdk1.8.0_201\jre\bin\zip.dll
0x00007fff5a170000 - 0x00007fff5a858000 	C:\Windows\System32\SHELL32.dll
0x00007fff59dd0000 - 0x00007fff59e77000 	C:\Windows\System32\shcore.dll
0x00007fff58d60000 - 0x00007fff594db000 	C:\Windows\System32\windows.storage.dll
0x00007fff58b70000 - 0x00007fff58b8e000 	C:\Windows\System32\profapi.dll
0x00007fff58ae0000 - 0x00007fff58b2a000 	C:\Windows\System32\powrprof.dll
0x00007fff58ad0000 - 0x00007fff58ae0000 	C:\Windows\System32\UMPDC.dll
0x00007fff5b1f0000 - 0x00007fff5b242000 	C:\Windows\System32\shlwapi.dll
0x00007fff58b30000 - 0x00007fff58b41000 	C:\Windows\System32\kernel.appcore.dll
0x00007fff59820000 - 0x00007fff59837000 	C:\Windows\System32\cryptsp.dll
0x00007fff57df0000 - 0x00007fff57e23000 	C:\Windows\system32\rsaenh.dll
0x00007fff58d30000 - 0x00007fff58d56000 	C:\Windows\System32\bcrypt.dll
0x00007fff589b0000 - 0x00007fff589d5000 	C:\Windows\SYSTEM32\USERENV.dll
0x00007fff583e0000 - 0x00007fff583ec000 	C:\Windows\SYSTEM32\CRYPTBASE.dll
0x00007fff3fe10000 - 0x00007fff3fe2a000 	C:\Program Files\Java\jdk1.8.0_201\jre\bin\net.dll
0x00007fff4b0b0000 - 0x00007fff4b287000 	C:\Windows\SYSTEM32\urlmon.dll
0x00007fff4b560000 - 0x00007fff4b807000 	C:\Windows\SYSTEM32\iertutil.dll
0x00007fff58260000 - 0x00007fff582c7000 	C:\Windows\system32\mswsock.dll
0x00007fff57f80000 - 0x00007fff57fba000 	C:\Windows\SYSTEM32\IPHLPAPI.DLL
0x00007fff5ac50000 - 0x00007fff5ac58000 	C:\Windows\System32\NSI.dll
0x00007fff52860000 - 0x00007fff52876000 	C:\Windows\SYSTEM32\dhcpcsvc6.DLL
0x00007fff52770000 - 0x00007fff5278c000 	C:\Windows\SYSTEM32\dhcpcsvc.DLL
0x00007fff57fc0000 - 0x00007fff5808b000 	C:\Windows\SYSTEM32\DNSAPI.dll
0x00007fff3f010000 - 0x00007fff3f021000 	C:\Program Files\Java\jdk1.8.0_201\jre\bin\nio.dll
0x00007fff46040000 - 0x00007fff4604a000 	C:\Users\User\AppData\Local\Temp\jansi-1.17.1-7704700712050421349.dll
0x00007fff45070000 - 0x00007fff4507d000 	C:\Program Files\Java\jdk1.8.0_201\jre\bin\management.dll
0x00007fff4e5d0000 - 0x00007fff4e5e6000 	C:\Windows\system32\napinsp.dll
0x00007fff4e320000 - 0x00007fff4e33a000 	C:\Windows\system32\pnrpnsp.dll
0x00007fff4e310000 - 0x00007fff4e31e000 	C:\Windows\System32\winrnr.dll
0x00007fff52970000 - 0x00007fff5298c000 	C:\Windows\system32\NLAapi.dll
0x00007fff4e2f0000 - 0x00007fff4e305000 	C:\Windows\system32\wshbth.dll
0x00007fff506b0000 - 0x00007fff506ba000 	C:\Windows\System32\rasadhlp.dll
0x00007fff51f90000 - 0x00007fff52007000 	C:\Windows\System32\fwpuclnt.dll

VM Arguments:
jvm_args: -Dmaven.home=EMBEDDED -Dclassworlds.conf=C:\Users\User\component2\.metadata\.plugins\org.eclipse.m2e.launching\launches\m2conf1176750316752043530.tmp -Dmaven.multiModuleProjectDirectory=C:\Users\User\component2\com.tweetapp -Djansi.force=true -Djansi.passthrough=true -Dfile.encoding=Cp1252 
java_command: org.codehaus.plexus.classworlds.launcher.Launcher -Ppom.xml -B -U -Dmaven.test.skip=true -DskipTests clean install -Dstyle.color=always
java_class_path (initial): C:\Softwares\Java Setup\spring-tool-suite-3.9.9.RELEASE-e4.12.0-win32-x86_64\sts-bundle\sts-3.9.9.RELEASE\plugins\org.eclipse.m2e.maven.runtime_1.12.0.20190529-1915\jars\plexus-classworlds-2.6.0.jar
Launcher Type: SUN_STANDARD

Environment Variables:
PATH=C:/Program Files/Java/jre1.8.0_201/bin/server;C:/Program Files/Java/jre1.8.0_201/bin;C:/Program Files/Java/jre1.8.0_201/lib/amd64;C:\Program Files\Python39\Scripts\;C:\Program Files\Python39\;C:\Program Files (x86)\Common Files\Oracle\Java\javapath;C:\Windows\system32;C:\Windows;C:\Windows\System32\Wbem;C:\Windows\System32\WindowsPowerShell\v1.0\;C:\Windows\System32\OpenSSH\;C:\Program Files\Java\jdk-9.0.4\bin;C:\Program Files\nodejs\;C:\Program Files\Docker\Docker\resources\bin;C:\ProgramData\DockerDesktop\version-bin;C:\Softwares\Template\spark-3.0.0-preview2-bin-hadoop2.7\bin;C:\Softwares\Template\apache-jmeter-5.3\apache-jmeter-5.3\bin;C:\Program Files (x86)\scala\bin;C:\Program Files\Java\jdk1.8.0_201\bin;C:\Program Files\Git\cmd;C:\Program Files\Amazon\AWSCLIV2\;C:\Users\User\AppData\Local\Programs\Python\Python38-32\Scripts\;C:\Users\User\AppData\Local\Programs\Python\Python38-32\;C:\Program Files\MySQL\MySQL Shell 8.0\bin\;C:\Users\User\AppData\Roaming\npm;C:\Users\User\AppData\Local\Programs\Microsoft VS Code\bin;C:\Softwares\Java Setup\spring-tool-suite-3.9.9.RELEASE-e4.12.0-win32-x86_64\sts-bundle\sts-3.9.9.RELEASE;
USERNAME=User
OS=Windows_NT
PROCESSOR_IDENTIFIER=Intel64 Family 6 Model 85 Stepping 4, GenuineIntel



---------------  S Y S T E M  ---------------

OS: Windows 10.0 , 64 bit Build 18362 (10.0.18362.1350)

CPU:total 2 (initial active 2) (1 cores per cpu, 1 threads per core) family 6 model 85 stepping 4, cmov, cx8, fxsr, mmx, sse, sse2, sse3, ssse3, sse4.1, sse4.2, popcnt, avx, avx2, aes, clmul, erms, rtm, 3dnowpref, lzcnt, tsc, tscinvbit, bmi1, bmi2, adx

Memory: 4k page, physical 8387532k(307932k free), swap 17479752k(4164k free)

vm_info: Java HotSpot(TM) 64-Bit Server VM (25.201-b09) for windows-amd64 JRE (1.8.0_201-b09), built on Dec 15 2018 18:36:39 by "java_re" with MS VC++ 10.0 (VS2010)

time: Sun Apr 18 22:36:13 2021
timezone: India Standard Time
elapsed time: 6 seconds (0d 0h 0m 6s)

