#
# There is insufficient memory for the Java Runtime Environment to continue.
# Native memory allocation (malloc) failed to allocate 581616 bytes for Chunk::new
# Possible reasons:
#   The system is out of physical RAM or swap space
#   The process is running with CompressedOops enabled, and the Java Heap may be blocking the growth of the native heap
# Possible solutions:
#   Reduce memory load on the system
#   Increase physical memory or swap space
#   Check if swap backing store is full
#   Decrease Java heap size (-Xmx/-Xms)
#   Decrease number of Java threads
#   Decrease Java thread stack sizes (-Xss)
#   Set larger code cache with -XX:ReservedCodeCacheSize=
#   JVM is running with Unscaled Compressed Oops mode in which the Java heap is
#     placed in the first 4GB address space. The Java Heap base address is the
#     maximum limit for the native heap growth. Please use -XX:HeapBaseMinAddress
#     to set the Java Heap base and to place the Java Heap above 4GB virtual address.
# This output file may be truncated or incomplete.
#
#  Out of Memory Error (allocation.cpp:390), pid=14748, tid=0x00000000000019b0
#
# JRE version: Java(TM) SE Runtime Environment (8.0_201-b09) (build 1.8.0_201-b09)
# Java VM: Java HotSpot(TM) 64-Bit Server VM (25.201-b09 mixed mode windows-amd64 compressed oops)
# Failed to write core dump. Minidumps are not enabled by default on client versions of Windows
#

---------------  T H R E A D  ---------------

Current thread (0x0000000016ebe800):  JavaThread "C2 CompilerThread0" daemon [_thread_in_native, id=6576, stack(0x0000000017ef0000,0x0000000017ff0000)]

Stack: [0x0000000017ef0000,0x0000000017ff0000]
[error occurred during error reporting (printing stack bounds), id 0xc0000005]

Native frames: (J=compiled Java code, j=interpreted, Vv=VM code, C=native code)


Current CompileTask:
C2:   9818 3092       4       java.lang.invoke.MethodType::makeImpl (66 bytes)


---------------  P R O C E S S  ---------------

Java Threads: ( => current thread )
  0x000000001b35a800 JavaThread "cluster-rtt-ClusterId{value='607c667c6ef4db11ef978ad1', description='null'}-localhost:27017" daemon [_thread_blocked, id=12004, stack(0x000000001dd50000,0x000000001de50000)]
  0x0000000018810000 JavaThread "cluster-ClusterId{value='607c667c6ef4db11ef978ad1', description='null'}-localhost:27017" daemon [_thread_blocked, id=9740, stack(0x000000001dc50000,0x000000001dd50000)]
  0x000000001ca67800 JavaThread "container-0" [_thread_blocked, id=7444, stack(0x000000001db50000,0x000000001dc50000)]
  0x000000001ca67000 JavaThread "Catalina-utility-2" [_thread_blocked, id=3592, stack(0x000000001da50000,0x000000001db50000)]
  0x000000001ca5c800 JavaThread "Catalina-utility-1" [_thread_blocked, id=4348, stack(0x000000001a740000,0x000000001a840000)]
  0x0000000016f1f000 JavaThread "Service Thread" daemon [_thread_blocked, id=12440, stack(0x00000000180f0000,0x00000000181f0000)]
  0x0000000016f19800 JavaThread "C1 CompilerThread1" daemon [_thread_blocked, id=9408, stack(0x0000000017ff0000,0x00000000180f0000)]
=>0x0000000016ebe800 JavaThread "C2 CompilerThread0" daemon [_thread_in_native, id=6576, stack(0x0000000017ef0000,0x0000000017ff0000)]
  0x0000000016ebd000 JavaThread "Attach Listener" daemon [_thread_blocked, id=10628, stack(0x0000000017df0000,0x0000000017ef0000)]
  0x0000000016eb9800 JavaThread "Signal Dispatcher" daemon [_thread_blocked, id=11604, stack(0x0000000017cf0000,0x0000000017df0000)]
  0x0000000016ea8800 JavaThread "Finalizer" daemon [_thread_blocked, id=14168, stack(0x0000000017af0000,0x0000000017bf0000)]
  0x00000000024d2000 JavaThread "Reference Handler" daemon [_thread_blocked, id=9188, stack(0x00000000179f0000,0x0000000017af0000)]
  0x00000000023e4000 JavaThread "main" [_thread_in_vm, id=7652, stack(0x0000000002280000,0x0000000002380000)]

Other Threads:
  0x0000000016e87000 VMThread [stack: 0x00000000178f0000,0x00000000179f0000] [id=9592]
  0x0000000016f3d800 WatcherThread [stack: 0x00000000181f0000,0x00000000182f0000] [id=11908]

VM state:not at safepoint (normal execution)

VM Mutex/Monitor currently owned by a thread: None

heap address: 0x0000000080000000, size: 2048 MB, Compressed Oops mode: 32-bit
Narrow klass base: 0x0000000000000000, Narrow klass shift: 3
Compressed class space size: 1073741824 Address: 0x0000000100000000

Heap:
 PSYoungGen      total 126976K, used 15981K [0x00000000d5580000, 0x00000000dde00000, 0x0000000100000000)
  eden space 117248K, 13% used [0x00000000d5580000,0x00000000d651b548,0x00000000dc800000)
  from space 9728K, 0% used [0x00000000dd480000,0x00000000dd480000,0x00000000dde00000)
  to   space 10752K, 0% used [0x00000000dc900000,0x00000000dc900000,0x00000000dd380000)
 ParOldGen       total 69120K, used 13717K [0x0000000080000000, 0x0000000084380000, 0x00000000d5580000)
  object space 69120K, 19% used [0x0000000080000000,0x0000000080d656c8,0x0000000084380000)
 Metaspace       used 35368K, capacity 37592K, committed 37888K, reserved 1081344K
  class space    used 4854K, capacity 5261K, committed 5376K, reserved 1048576K

Card table byte_map: [0x00000000118a0000,0x0000000011cb0000] byte_map_base: 0x00000000114a0000

Marking Bits: (ParMarkBitMap*) 0x0000000056b74ce0
 Begin Bits: [0x0000000012160000, 0x0000000014160000)
 End Bits:   [0x0000000014160000, 0x0000000016160000)

Polling page: 0x00000000003c0000

CodeCache: size=245760Kb used=10089Kb max_used=10089Kb free=235670Kb
 bounds [0x00000000024e0000, 0x0000000002ed0000, 0x00000000114e0000]
 total_blobs=3328 nmethods=2915 adapters=325
 compilation: enabled

Compilation events (10 events):
Event: 9.808 Thread 0x0000000016f19800 3104       3       java.util.regex.Pattern::append (39 bytes)
Event: 9.809 Thread 0x0000000016f19800 nmethod 3104 0x0000000002ebec10 code [0x0000000002ebed80, 0x0000000002ebf0c8]
Event: 9.809 Thread 0x0000000016f19800 3105       1       java.util.stream.FindOps$FindSink::cancellationRequested (5 bytes)
Event: 9.809 Thread 0x0000000016f19800 nmethod 3105 0x0000000002eb5290 code [0x0000000002eb53e0, 0x0000000002eb54f0]
Event: 9.809 Thread 0x0000000016f19800 3106       3       java.util.Optional::ofNullable (15 bytes)
Event: 9.809 Thread 0x0000000016f19800 nmethod 3106 0x0000000002ebf210 code [0x0000000002ebf3c0, 0x0000000002ebf888]
Event: 9.809 Thread 0x0000000016f19800 3107       3       java.util.stream.AbstractPipeline::sourceStageSpliterator (112 bytes)
Event: 9.810 Thread 0x0000000016f19800 nmethod 3107 0x0000000002ebfb10 code [0x0000000002ebfce0, 0x0000000002ec0378]
Event: 9.810 Thread 0x0000000016f19800 3108       1       java.util.Spliterators$EmptySpliterator::characteristics (4 bytes)
Event: 9.810 Thread 0x0000000016f19800 nmethod 3108 0x0000000002ec0590 code [0x0000000002ec06e0, 0x0000000002ec07f0]

GC Heap History (10 events):
Event: 5.310 GC heap before
{Heap before GC invocations=4 (full 0):
 PSYoungGen      total 38400K, used 14711K [0x00000000d5580000, 0x00000000da080000, 0x0000000100000000)
  eden space 33280K, 28% used [0x00000000d5580000,0x00000000d5ee0ab0,0x00000000d7600000)
  from space 5120K, 99% used [0x00000000d7600000,0x00000000d7afd2b0,0x00000000d7b00000)
  to   space 5120K, 0% used [0x00000000d9b80000,0x00000000d9b80000,0x00000000da080000)
 ParOldGen       total 87552K, used 5612K [0x0000000080000000, 0x0000000085580000, 0x00000000d5580000)
  object space 87552K, 6% used [0x0000000080000000,0x000000008057b090,0x0000000085580000)
 Metaspace       used 20374K, capacity 21180K, committed 21296K, reserved 1067008K
  class space    used 2665K, capacity 2873K, committed 2944K, reserved 1048576K
Event: 5.370 GC heap after
Heap after GC invocations=4 (full 0):
 PSYoungGen      total 71680K, used 5088K [0x00000000d5580000, 0x00000000da080000, 0x0000000100000000)
  eden space 66560K, 0% used [0x00000000d5580000,0x00000000d5580000,0x00000000d9680000)
  from space 5120K, 99% used [0x00000000d9b80000,0x00000000da078020,0x00000000da080000)
  to   space 5120K, 0% used [0x00000000d9680000,0x00000000d9680000,0x00000000d9b80000)
 ParOldGen       total 87552K, used 7216K [0x0000000080000000, 0x0000000085580000, 0x00000000d5580000)
  object space 87552K, 8% used [0x0000000080000000,0x000000008070c078,0x0000000085580000)
 Metaspace       used 20374K, capacity 21180K, committed 21296K, reserved 1067008K
  class space    used 2665K, capacity 2873K, committed 2944K, reserved 1048576K
}
Event: 5.370 GC heap before
{Heap before GC invocations=5 (full 1):
 PSYoungGen      total 71680K, used 5088K [0x00000000d5580000, 0x00000000da080000, 0x0000000100000000)
  eden space 66560K, 0% used [0x00000000d5580000,0x00000000d5580000,0x00000000d9680000)
  from space 5120K, 99% used [0x00000000d9b80000,0x00000000da078020,0x00000000da080000)
  to   space 5120K, 0% used [0x00000000d9680000,0x00000000d9680000,0x00000000d9b80000)
 ParOldGen       total 87552K, used 7216K [0x0000000080000000, 0x0000000085580000, 0x00000000d5580000)
  object space 87552K, 8% used [0x0000000080000000,0x000000008070c078,0x0000000085580000)
 Metaspace       used 20374K, capacity 21180K, committed 21296K, reserved 1067008K
  class space    used 2665K, capacity 2873K, committed 2944K, reserved 1048576K
Event: 5.459 GC heap after
Heap after GC invocations=5 (full 1):
 PSYoungGen      total 71680K, used 0K [0x00000000d5580000, 0x00000000da080000, 0x0000000100000000)
  eden space 66560K, 0% used [0x00000000d5580000,0x00000000d5580000,0x00000000d9680000)
  from space 5120K, 0% used [0x00000000d9b80000,0x00000000d9b80000,0x00000000da080000)
  to   space 5120K, 0% used [0x00000000d9680000,0x00000000d9680000,0x00000000d9b80000)
 ParOldGen       total 49152K, used 6865K [0x0000000080000000, 0x0000000083000000, 0x00000000d5580000)
  object space 49152K, 13% used [0x0000000080000000,0x00000000806b4448,0x0000000083000000)
 Metaspace       used 20374K, capacity 21180K, committed 21296K, reserved 1067008K
  class space    used 2665K, capacity 2873K, committed 2944K, reserved 1048576K
}
Event: 8.401 GC heap before
{Heap before GC invocations=6 (full 1):
 PSYoungGen      total 71680K, used 66560K [0x00000000d5580000, 0x00000000da080000, 0x0000000100000000)
  eden space 66560K, 100% used [0x00000000d5580000,0x00000000d9680000,0x00000000d9680000)
  from space 5120K, 0% used [0x00000000d9b80000,0x00000000d9b80000,0x00000000da080000)
  to   space 5120K, 0% used [0x00000000d9680000,0x00000000d9680000,0x00000000d9b80000)
 ParOldGen       total 49152K, used 6865K [0x0000000080000000, 0x0000000083000000, 0x00000000d5580000)
  object space 49152K, 13% used [0x0000000080000000,0x00000000806b4448,0x0000000083000000)
 Metaspace       used 27627K, capacity 28986K, committed 29184K, reserved 1075200K
  class space    used 3751K, capacity 4052K, committed 4096K, reserved 1048576K
Event: 8.417 GC heap after
Heap after GC invocations=6 (full 1):
 PSYoungGen      total 71680K, used 5108K [0x00000000d5580000, 0x00000000dde80000, 0x0000000100000000)
  eden space 66560K, 0% used [0x00000000d5580000,0x00000000d5580000,0x00000000d9680000)
  from space 5120K, 99% used [0x00000000d9680000,0x00000000d9b7d0c0,0x00000000d9b80000)
  to   space 10240K, 0% used [0x00000000dd480000,0x00000000dd480000,0x00000000dde80000)
 ParOldGen       total 49152K, used 11893K [0x0000000080000000, 0x0000000083000000, 0x00000000d5580000)
  object space 49152K, 24% used [0x0000000080000000,0x0000000080b9d5b8,0x0000000083000000)
 Metaspace       used 27627K, capacity 28986K, committed 29184K, reserved 1075200K
  class space    used 3751K, capacity 4052K, committed 4096K, reserved 1048576K
}
Event: 9.458 GC heap before
{Heap before GC invocations=7 (full 1):
 PSYoungGen      total 71680K, used 47599K [0x00000000d5580000, 0x00000000dde80000, 0x0000000100000000)
  eden space 66560K, 63% used [0x00000000d5580000,0x00000000d7efecc0,0x00000000d9680000)
  from space 5120K, 99% used [0x00000000d9680000,0x00000000d9b7d0c0,0x00000000d9b80000)
  to   space 10240K, 0% used [0x00000000dd480000,0x00000000dd480000,0x00000000dde80000)
 ParOldGen       total 49152K, used 11893K [0x0000000080000000, 0x0000000083000000, 0x00000000d5580000)
  object space 49152K, 24% used [0x0000000080000000,0x0000000080b9d5b8,0x0000000083000000)
 Metaspace       used 33413K, capacity 35276K, committed 35456K, reserved 1079296K
  class space    used 4527K, capacity 4895K, committed 4992K, reserved 1048576K
Event: 9.471 GC heap after
Heap after GC invocations=7 (full 1):
 PSYoungGen      total 126976K, used 9365K [0x00000000d5580000, 0x00000000dde00000, 0x0000000100000000)
  eden space 117248K, 0% used [0x00000000d5580000,0x00000000d5580000,0x00000000dc800000)
  from space 9728K, 96% used [0x00000000dd480000,0x00000000ddda5740,0x00000000dde00000)
  to   space 10752K, 0% used [0x00000000dc900000,0x00000000dc900000,0x00000000dd380000)
 ParOldGen       total 49152K, used 11901K [0x0000000080000000, 0x0000000083000000, 0x00000000d5580000)
  object space 49152K, 24% used [0x0000000080000000,0x0000000080b9f5b8,0x0000000083000000)
 Metaspace       used 33413K, capacity 35276K, committed 35456K, reserved 1079296K
  class space    used 4527K, capacity 4895K, committed 4992K, reserved 1048576K
}
Event: 9.471 GC heap before
{Heap before GC invocations=8 (full 2):
 PSYoungGen      total 126976K, used 9365K [0x00000000d5580000, 0x00000000dde00000, 0x0000000100000000)
  eden space 117248K, 0% used [0x00000000d5580000,0x00000000d5580000,0x00000000dc800000)
  from space 9728K, 96% used [0x00000000dd480000,0x00000000ddda5740,0x00000000dde00000)
  to   space 10752K, 0% used [0x00000000dc900000,0x00000000dc900000,0x00000000dd380000)
 ParOldGen       total 49152K, used 11901K [0x0000000080000000, 0x0000000083000000, 0x00000000d5580000)
  object space 49152K, 24% used [0x0000000080000000,0x0000000080b9f5b8,0x0000000083000000)
 Metaspace       used 33413K, capacity 35276K, committed 35456K, reserved 1079296K
  class space    used 4527K, capacity 4895K, committed 4992K, reserved 1048576K
Event: 9.568 GC heap after
Heap after GC invocations=8 (full 2):
 PSYoungGen      total 126976K, used 0K [0x00000000d5580000, 0x00000000dde00000, 0x0000000100000000)
  eden space 117248K, 0% used [0x00000000d5580000,0x00000000d5580000,0x00000000dc800000)
  from space 9728K, 0% used [0x00000000dd480000,0x00000000dd480000,0x00000000dde00000)
  to   space 10752K, 0% used [0x00000000dc900000,0x00000000dc900000,0x00000000dd380000)
 ParOldGen       total 69120K, used 13717K [0x0000000080000000, 0x0000000084380000, 0x00000000d5580000)
  object space 69120K, 19% used [0x0000000080000000,0x0000000080d656c8,0x0000000084380000)
 Metaspace       used 33413K, capacity 35276K, committed 35456K, reserved 1079296K
  class space    used 4527K, capacity 4895K, committed 4992K, reserved 1048576K
}

Deoptimization events (10 events):
Event: 9.646 Thread 0x00000000023e4000 Uncommon trap: reason=class_check action=maybe_recompile pc=0x00000000028a7ea4 method=java.io.DataInputStream.readChar()C @ 4
Event: 9.646 Thread 0x00000000023e4000 Uncommon trap: reason=class_check action=maybe_recompile pc=0x00000000028a7ea4 method=java.io.DataInputStream.readChar()C @ 4
Event: 9.646 Thread 0x00000000023e4000 Uncommon trap: reason=class_check action=maybe_recompile pc=0x00000000028a7ea4 method=java.io.DataInputStream.readChar()C @ 4
Event: 9.646 Thread 0x00000000023e4000 Uncommon trap: reason=class_check action=maybe_recompile pc=0x00000000028a7ea4 method=java.io.DataInputStream.readChar()C @ 4
Event: 9.671 Thread 0x00000000023e4000 Uncommon trap: reason=unstable_if action=reinterpret pc=0x000000000267fd74 method=sun.text.normalizer.Trie.getCodePointOffset(I)I @ 9
Event: 9.673 Thread 0x00000000023e4000 Uncommon trap: reason=unstable_if action=reinterpret pc=0x0000000002680e20 method=sun.text.normalizer.Trie.getCodePointOffset(I)I @ 23
Event: 9.676 Thread 0x00000000023e4000 Uncommon trap: reason=unstable_if action=reinterpret pc=0x0000000002e89590 method=sun.text.UCompactIntArray.elementAt(I)I @ 14
Event: 9.749 Thread 0x00000000023e4000 Uncommon trap: reason=unstable_if action=reinterpret pc=0x0000000002c8f234 method=org.springframework.util.ConcurrentReferenceHashMap$Segment.findInChain(Lorg/springframework/util/ConcurrentReferenceHashMap$Reference;Ljava/lang/Object;I)Lorg/springframewo
Event: 9.751 Thread 0x00000000023e4000 Uncommon trap: reason=unstable_if action=reinterpret pc=0x0000000002c6c278 method=org.springframework.util.ConcurrentReferenceHashMap$Segment.findInChain(Lorg/springframework/util/ConcurrentReferenceHashMap$Reference;Ljava/lang/Object;I)Lorg/springframewo
Event: 9.757 Thread 0x00000000023e4000 Uncommon trap: reason=unstable_if action=reinterpret pc=0x0000000002a6fa14 method=org.springframework.util.ConcurrentReferenceHashMap$Segment.restructureIfNecessary(Z)V @ 41

Classes redefined (0 events):
No events

Internal exceptions (10 events):
Event: 9.589 Thread 0x00000000023e4000 Implicit null exception at 0x0000000002734256 to 0x00000000027345e5
Event: 9.705 Thread 0x00000000023e4000 Exception <a 'java/lang/IncompatibleClassChangeError': Found class java.lang.Object, but interface was expected> (0x00000000d5e5d080) thrown at [C:\re\workspace\8-2-build-windows-amd64-cygwin\jdk8u201\12322\hotspot\src\share\vm\interpreter\linkResolver.cp
Event: 9.710 Thread 0x00000000023e4000 Exception <a 'java/lang/NoSuchMethodError': java.lang.Object.lambda$of$0([Ljava/lang/Object;)Ljava/util/Iterator;> (0x00000000d5eb7758) thrown at [C:\re\workspace\8-2-build-windows-amd64-cygwin\jdk8u201\12322\hotspot\src\share\vm\interpreter\linkResolver.
Event: 9.715 Thread 0x00000000023e4000 Exception <a 'java/lang/NoSuchMethodError': java.lang.Object.lambda$toStream$0(Ljava/util/Optional;)Ljava/util/stream/Stream;> (0x00000000d5f30cf8) thrown at [C:\re\workspace\8-2-build-windows-amd64-cygwin\jdk8u201\12322\hotspot\src\share\vm\interpreter\l
Event: 9.716 Thread 0x00000000023e4000 Exception <a 'java/lang/NoSuchMethodError': java.lang.Object.of(Ljava/lang/Object;)Ljava/util/stream/Stream;> (0x00000000d5f34258) thrown at [C:\re\workspace\8-2-build-windows-amd64-cygwin\jdk8u201\12322\hotspot\src\share\vm\interpreter\linkResolver.cpp, 
Event: 9.716 Thread 0x00000000023e4000 Exception <a 'java/lang/NoSuchMethodError': java.lang.Object.empty()Ljava/util/stream/Stream;> (0x00000000d5f37188) thrown at [C:\re\workspace\8-2-build-windows-amd64-cygwin\jdk8u201\12322\hotspot\src\share\vm\interpreter\linkResolver.cpp, line 620]
Event: 9.728 Thread 0x00000000023e4000 Exception <a 'java/lang/NoSuchMethodError': java.lang.Object.lambda$static$0(Ljava/lang/Object;)Lorg/springframework/expression/EvaluationContext;> (0x00000000d6012bf0) thrown at [C:\re\workspace\8-2-build-windows-amd64-cygwin\jdk8u201\12322\hotspot\src\s
Event: 9.769 Thread 0x00000000023e4000 Exception <a 'java/lang/ClassNotFoundException': java/lang/ObjectCustomizer> (0x00000000d6229368) thrown at [C:\re\workspace\8-2-build-windows-amd64-cygwin\jdk8u201\12322\hotspot\src\share\vm\classfile\systemDictionary.cpp, line 210]
Event: 9.770 Thread 0x00000000023e4000 Exception <a 'java/lang/ClassNotFoundException': com/tweetapp/model/UserCustomizer> (0x00000000d623a0a0) thrown at [C:\re\workspace\8-2-build-windows-amd64-cygwin\jdk8u201\12322\hotspot\src\share\vm\classfile\systemDictionary.cpp, line 210]
Event: 9.802 Thread 0x00000000023e4000 Exception <a 'java/lang/NoSuchMethodError': java.lang.Object.fromNullable(Ljava/lang/Object;)Ljava/util/stream/Stream;> (0x00000000d636c920) thrown at [C:\re\workspace\8-2-build-windows-amd64-cygwin\jdk8u201\12322\hotspot\src\share\vm\interpreter\linkReso

Events (10 events):
Event: 9.805 loading class org/springframework/data/util/TypeInformation
Event: 9.805 loading class org/springframework/data/util/TypeInformation done
Event: 9.805 loading class org/springframework/data/util/TypeInformation
Event: 9.805 loading class org/springframework/data/util/TypeInformation done
Event: 9.805 loading class org/springframework/data/util/TypeInformation
Event: 9.805 loading class org/springframework/data/util/TypeInformation done
Event: 9.805 loading class org/springframework/data/util/TypeInformation
Event: 9.805 loading class org/springframework/data/util/TypeInformation done
Event: 9.805 loading class org/springframework/data/mapping/context/AbstractMappingContext
Event: 9.805 loading class org/springframework/data/mapping/context/AbstractMappingContext done


Dynamic libraries:
0x00007ff69a5c0000 - 0x00007ff69a5f7000 	C:\Program Files\Java\jre1.8.0_201\bin\javaw.exe
0x00007fff5bc20000 - 0x00007fff5be10000 	C:\Windows\SYSTEM32\ntdll.dll
0x00007fff5ac70000 - 0x00007fff5ad22000 	C:\Windows\System32\KERNEL32.DLL
0x00007fff59840000 - 0x00007fff59ae5000 	C:\Windows\System32\KERNELBASE.dll
0x00007fff59fe0000 - 0x00007fff5a083000 	C:\Windows\System32\ADVAPI32.dll
0x00007fff5b150000 - 0x00007fff5b1ee000 	C:\Windows\System32\msvcrt.dll
0x00007fff5a870000 - 0x00007fff5a907000 	C:\Windows\System32\sechost.dll
0x00007fff5b5e0000 - 0x00007fff5b6ff000 	C:\Windows\System32\RPCRT4.dll
0x00007fff5b440000 - 0x00007fff5b5d4000 	C:\Windows\System32\USER32.dll
0x00007fff595e0000 - 0x00007fff59601000 	C:\Windows\System32\win32u.dll
0x00007fff59da0000 - 0x00007fff59dc6000 	C:\Windows\System32\GDI32.dll
0x00007fff58b90000 - 0x00007fff58d28000 	C:\Windows\System32\gdi32full.dll
0x00007fff59b80000 - 0x00007fff59c1e000 	C:\Windows\System32\msvcp_win.dll
0x00007fff594e0000 - 0x00007fff595da000 	C:\Windows\System32\ucrtbase.dll
0x00007fff46c70000 - 0x00007fff46ef4000 	C:\Windows\WinSxS\amd64_microsoft.windows.common-controls_6595b64144ccf1df_6.0.18362.1440_none_9e7dbfb9e45e8e67\COMCTL32.dll
0x00007fff5a910000 - 0x00007fff5ac46000 	C:\Windows\System32\combase.dll
0x00007fff59af0000 - 0x00007fff59b71000 	C:\Windows\System32\bcryptPrimitives.dll
0x00007fff5b2d0000 - 0x00007fff5b2fe000 	C:\Windows\System32\IMM32.DLL
0x0000000055fb0000 - 0x0000000056081000 	C:\Program Files\Java\jre1.8.0_201\bin\msvcr100.dll
0x0000000056350000 - 0x0000000056bf4000 	C:\Program Files\Java\jre1.8.0_201\bin\server\jvm.dll
0x00007fff5ac60000 - 0x00007fff5ac68000 	C:\Windows\System32\PSAPI.DLL
0x00007fff4e060000 - 0x00007fff4e069000 	C:\Windows\SYSTEM32\WSOCK32.dll
0x00007fff5b300000 - 0x00007fff5b36f000 	C:\Windows\System32\WS2_32.dll
0x00007fff56ab0000 - 0x00007fff56ad4000 	C:\Windows\SYSTEM32\WINMM.dll
0x00007fff51bd0000 - 0x00007fff51bda000 	C:\Windows\SYSTEM32\VERSION.dll
0x00007fff56a80000 - 0x00007fff56aad000 	C:\Windows\SYSTEM32\WINMMBASE.dll
0x00007fff59610000 - 0x00007fff5965a000 	C:\Windows\System32\cfgmgr32.dll
0x00007fff529c0000 - 0x00007fff529cf000 	C:\Program Files\Java\jre1.8.0_201\bin\verify.dll
0x00007fff480a0000 - 0x00007fff480c9000 	C:\Program Files\Java\jre1.8.0_201\bin\java.dll
0x00007fff48080000 - 0x00007fff48096000 	C:\Program Files\Java\jre1.8.0_201\bin\zip.dll
0x00007fff5a170000 - 0x00007fff5a858000 	C:\Windows\System32\SHELL32.dll
0x00007fff59dd0000 - 0x00007fff59e77000 	C:\Windows\System32\shcore.dll
0x00007fff58d60000 - 0x00007fff594db000 	C:\Windows\System32\windows.storage.dll
0x00007fff58b70000 - 0x00007fff58b8e000 	C:\Windows\System32\profapi.dll
0x00007fff58ae0000 - 0x00007fff58b2a000 	C:\Windows\System32\powrprof.dll
0x00007fff58ad0000 - 0x00007fff58ae0000 	C:\Windows\System32\UMPDC.dll
0x00007fff5b1f0000 - 0x00007fff5b242000 	C:\Windows\System32\shlwapi.dll
0x00007fff58b30000 - 0x00007fff58b41000 	C:\Windows\System32\kernel.appcore.dll
0x00007fff59820000 - 0x00007fff59837000 	C:\Windows\System32\cryptsp.dll
0x00007fff46580000 - 0x00007fff4658d000 	C:\Program Files\Java\jre1.8.0_201\bin\management.dll
0x00007fff48060000 - 0x00007fff4807a000 	C:\Program Files\Java\jre1.8.0_201\bin\net.dll
0x00007fff4b0b0000 - 0x00007fff4b287000 	C:\Windows\SYSTEM32\urlmon.dll
0x00007fff4b560000 - 0x00007fff4b807000 	C:\Windows\SYSTEM32\iertutil.dll
0x00007fff583e0000 - 0x00007fff583ec000 	C:\Windows\SYSTEM32\CRYPTBASE.DLL
0x00007fff58260000 - 0x00007fff582c7000 	C:\Windows\system32\mswsock.dll
0x00007fff4e5d0000 - 0x00007fff4e5e6000 	C:\Windows\system32\napinsp.dll
0x00007fff4e320000 - 0x00007fff4e33a000 	C:\Windows\system32\pnrpnsp.dll
0x00007fff57fc0000 - 0x00007fff5808b000 	C:\Windows\SYSTEM32\DNSAPI.dll
0x00007fff5ac50000 - 0x00007fff5ac58000 	C:\Windows\System32\NSI.dll
0x00007fff57f80000 - 0x00007fff57fba000 	C:\Windows\SYSTEM32\IPHLPAPI.DLL
0x00007fff4e310000 - 0x00007fff4e31e000 	C:\Windows\System32\winrnr.dll
0x00007fff52970000 - 0x00007fff5298c000 	C:\Windows\system32\NLAapi.dll
0x00007fff4e2f0000 - 0x00007fff4e305000 	C:\Windows\system32\wshbth.dll
0x00007fff506b0000 - 0x00007fff506ba000 	C:\Windows\System32\rasadhlp.dll
0x00007fff51f90000 - 0x00007fff52007000 	C:\Windows\System32\fwpuclnt.dll
0x00007fff58d30000 - 0x00007fff58d56000 	C:\Windows\System32\bcrypt.dll
0x00007fff48020000 - 0x00007fff48031000 	C:\Program Files\Java\jre1.8.0_201\bin\nio.dll
0x00007fff57df0000 - 0x00007fff57e23000 	C:\Windows\system32\rsaenh.dll
0x00007fff589b0000 - 0x00007fff589d5000 	C:\Windows\SYSTEM32\USERENV.dll
0x00007fff52860000 - 0x00007fff52876000 	C:\Windows\SYSTEM32\dhcpcsvc6.DLL
0x00007fff52770000 - 0x00007fff5278c000 	C:\Windows\SYSTEM32\dhcpcsvc.DLL

VM Arguments:
jvm_args: -Dfile.encoding=UTF-8 
java_command: com.tweetapp.Application
java_class_path (initial): C:\Users\User\component2\com.tweetapp\target\classes;C:\Users\User\.m2\repository\org\springframework\boot\spring-boot-starter-data-mongodb\2.4.4\spring-boot-starter-data-mongodb-2.4.4.jar;C:\Users\User\.m2\repository\org\springframework\boot\spring-boot-starter\2.4.4\spring-boot-starter-2.4.4.jar;C:\Users\User\.m2\repository\org\springframework\boot\spring-boot\2.4.4\spring-boot-2.4.4.jar;C:\Users\User\.m2\repository\org\springframework\boot\spring-boot-autoconfigure\2.4.4\spring-boot-autoconfigure-2.4.4.jar;C:\Users\User\.m2\repository\org\springframework\boot\spring-boot-starter-logging\2.4.4\spring-boot-starter-logging-2.4.4.jar;C:\Users\User\.m2\repository\ch\qos\logback\logback-classic\1.2.3\logback-classic-1.2.3.jar;C:\Users\User\.m2\repository\ch\qos\logback\logback-core\1.2.3\logback-core-1.2.3.jar;C:\Users\User\.m2\repository\org\apache\logging\log4j\log4j-to-slf4j\2.13.3\log4j-to-slf4j-2.13.3.jar;C:\Users\User\.m2\repository\org\apache\logging\log4j\log4j-api\2.13.3\log4j-api-2.13.3.jar;C:\Users\User\.m2\repository\org\slf4j\jul-to-slf4j\1.7.30\jul-to-slf4j-1.7.30.jar;C:\Users\User\.m2\repository\jakarta\annotation\jakarta.annotation-api\1.3.5\jakarta.annotation-api-1.3.5.jar;C:\Users\User\.m2\repository\org\yaml\snakeyaml\1.27\snakeyaml-1.27.jar;C:\Users\User\.m2\repository\org\mongodb\mongodb-driver-sync\4.1.2\mongodb-driver-sync-4.1.2.jar;C:\Users\User\.m2\repository\org\mongodb\bson\4.1.2\bson-4.1.2.jar;C:\Users\User\.m2\repository\org\mongodb\mongodb-driver-core\4.1.2\mongodb-driver-core-4.1.2.jar;C:\Users\User\.m2\repository\org\springframework\data\spring-data-mongodb\3.1.6\spring-data-mongodb-3.1.6.jar;C:\Users\User\.m2\repository\org\springframework\spring-tx\5.3.5\spring-tx-5.3.5.jar;C:\Users\User\.m2\repository\org\springframework\spring-context\5.3.5\spring-context-5.3.5.jar;C:\Users\User\.m2\repository\org\springframework\spring-beans\5.3.5\spring-beans-5.3.5.jar;C:\Users\User\.m2\repository\org\springframework\sp
Launcher Type: SUN_STANDARD

Environment Variables:
PATH=C:/Program Files/Java/jre1.8.0_201/bin/server;C:/Program Files/Java/jre1.8.0_201/bin;C:/Program Files/Java/jre1.8.0_201/lib/amd64;C:\Program Files\Python39\Scripts\;C:\Program Files\Python39\;C:\Program Files (x86)\Common Files\Oracle\Java\javapath;C:\Windows\system32;C:\Windows;C:\Windows\System32\Wbem;C:\Windows\System32\WindowsPowerShell\v1.0\;C:\Windows\System32\OpenSSH\;C:\Program Files\Java\jdk-9.0.4\bin;C:\Program Files\nodejs\;C:\Program Files\Docker\Docker\resources\bin;C:\ProgramData\DockerDesktop\version-bin;C:\Softwares\Template\spark-3.0.0-preview2-bin-hadoop2.7\bin;C:\Softwares\Template\apache-jmeter-5.3\apache-jmeter-5.3\bin;C:\Program Files (x86)\scala\bin;C:\Program Files\Java\jdk1.8.0_201\bin;C:\Program Files\Git\cmd;C:\Program Files\Amazon\AWSCLIV2\;C:\Users\User\AppData\Local\Programs\Python\Python38-32\Scripts\;C:\Users\User\AppData\Local\Programs\Python\Python38-32\;C:\Program Files\MySQL\MySQL Shell 8.0\bin\;C:\Users\User\AppData\Roaming\npm;C:\Users\User\AppData\Local\Programs\Microsoft VS Code\bin;C:\Softwares\Java Setup\spring-tool-suite-3.9.9.RELEASE-e4.12.0-win32-x86_64\sts-bundle\sts-3.9.9.RELEASE;
USERNAME=User
OS=Windows_NT
PROCESSOR_IDENTIFIER=Intel64 Family 6 Model 85 Stepping 4, GenuineIntel



---------------  S Y S T E M  ---------------

OS: Windows 10.0 , 64 bit Build 18362 (10.0.18362.1350)

CPU:total 2 (initial active 2) (1 cores per cpu, 1 threads per core) family 6 model 85 stepping 4, cmov, cx8, fxsr, mmx, sse, sse2, sse3, ssse3, sse4.1, sse4.2, popcnt, avx, avx2, aes, clmul, erms, rtm, 3dnowpref, lzcnt, tsc, tscinvbit, bmi1, bmi2, adx

Memory: 4k page, physical 8387532k(482060k free), swap 17479752k(5248k free)

vm_info: Java HotSpot(TM) 64-Bit Server VM (25.201-b09) for windows-amd64 JRE (1.8.0_201-b09), built on Dec 15 2018 18:36:39 by "java_re" with MS VC++ 10.0 (VS2010)

time: Sun Apr 18 22:33:57 2021
timezone: India Standard Time
elapsed time: 9 seconds (0d 0h 0m 9s)

